<?xml version='1.0' encoding='UTF-8' ?>
<testsuite name="com.example.quickcash.registrationTest" tests="3" failures="1" errors="0" skipped="0" time="6.942" timestamp="2023-02-17T18:41:44" hostname="localhost">
  <properties>
    <property name="device" value="Resizable_Experimental_API_33(AVD) - 13" />
    <property name="flavor" value="" />
    <property name="project" value=":app" />
  </properties>
  <testcase name="checkIfSwitched2LoginPage" classname="com.example.quickcash.registrationTest" time="4.985">
    <failure>androidx.test.espresso.base.AssertionErrorHandler$AssertionFailedWithCauseError: Wanted to match 1 intents. Actually matched 0 intents.

IntentMatcher: has component: has component with: class name: is "com.example.quickcash.LoginPage" package name: an instance of java.lang.String short class name: an instance of java.lang.String

Matched intents:[]

Recorded intents:
-Intent { act=android.intent.action.MAIN cat=[android.intent.category.LAUNCHER] flg=0x10008000 cmp=com.example.quickcash/.RegisterPage } handling packages:[[com.example.quickcash]])
at dalvik.system.VMStack.getThreadStackTrace(Native Method)
at java.lang.Thread.getStackTrace(Thread.java:1841)
at androidx.test.espresso.base.AssertionErrorHandler.handleSafely(AssertionErrorHandler.java:3)
at androidx.test.espresso.base.AssertionErrorHandler.handleSafely(AssertionErrorHandler.java:1)
at androidx.test.espresso.base.DefaultFailureHandler$TypedFailureHandler.handle(DefaultFailureHandler.java:4)
at androidx.test.espresso.base.DefaultFailureHandler.handle(DefaultFailureHandler.java:5)
at androidx.test.espresso.ViewInteraction.waitForAndHandleInteractionResults(ViewInteraction.java:5)
at androidx.test.espresso.ViewInteraction.check(ViewInteraction.java:12)
at androidx.test.espresso.intent.Intents.intended(Intents.java:188)
at androidx.test.espresso.intent.Intents.intended(Intents.java:169)
at com.example.quickcash.registrationTest.checkIfSwitched2LoginPage(registrationTest.java:83)
... 35 trimmed
Caused by: junit.framework.AssertionFailedError: Wanted to match 1 intents. Actually matched 0 intents.

IntentMatcher: has component: has component with: class name: is "com.example.quickcash.LoginPage" package name: an instance of java.lang.String short class name: an instance of java.lang.String

Matched intents:[]

Recorded intents:
-Intent { act=android.intent.action.MAIN cat=[android.intent.category.LAUNCHER] flg=0x10008000 cmp=com.example.quickcash/.RegisterPage } handling packages:[[com.example.quickcash]])
at junit.framework.Assert.fail(Assert.java:50)
at androidx.test.espresso.intent.VerificationModes$Times.verify(VerificationModes.java:80)
at androidx.test.espresso.intent.Intents.internalIntended(Intents.java:316)
at androidx.test.espresso.intent.Intents$2.check(Intents.java:192)
at androidx.test.espresso.ViewInteraction$SingleExecutionViewAssertion.check(ViewInteraction.java:2)
at androidx.test.espresso.ViewInteraction$2.call(ViewInteraction.java:14)
at androidx.test.espresso.ViewInteraction$2.call(ViewInteraction.java:1)
at java.util.concurrent.FutureTask.run(FutureTask.java:264)
at android.os.Handler.handleCallback(Handler.java:942)
at android.os.Handler.dispatchMessage(Handler.java:99)
at android.os.Looper.loopOnce(Looper.java:201)
at android.os.Looper.loop(Looper.java:288)
at android.app.ActivityThread.main(ActivityThread.java:7872)
at java.lang.reflect.Method.invoke(Native Method)
at com.android.internal.os.RuntimeInit$MethodAndArgsCaller.run(RuntimeInit.java:548)
at com.android.internal.os.ZygoteInit.main(ZygoteInit.java:936)</failure>
  </testcase>
  <testcase name="checkIfRegistrationPageIsVisible" classname="com.example.quickcash.registrationTest" time="0.929" />
  <testcase name="useAppContext" classname="com.example.quickcash.registrationTest" time="0.767" />
</testsuite>